<?xml version="1.0" encoding="UTF-8"?>
<!-- Generated by org.testng.reporters.JUnitReportReporter -->
<testsuite name="amazonTest.amazonEmailTest" tests="1" time="28.271" ignored="0" failures="0" timestamp="10 Feb 2020 09:19:26 GMT" skipped="0" hostname="UE-PC" errors="0">
  <testcase name="emailAddress" time="28.271" classname="amazonTest.amazonEmailTest"/>
</testsuite> <!-- amazonTest.amazonEmailTest -->
